A test to for the print_square function

Import the module
>>> import sys
>>> sys.path.insert(1, '../')
>>> lib = __import__("4-print_square")
>>> print_square = lib.print_square

#Normal addition test
'''
>>> print_square(3)
###
###
###


#Type Errors

>>> print_square("")
Traceback (most recent call last):
...
TypeError: size must be an integer

>>> print_square(12.3)
Traceback (most recent call last):
...
TypeError: size must be an integer

>>> print_square()
Traceback (most recent call last):
...
TypeError: print_square() missing 1 required positional argument: 'size'

#value Errors
>>> print_square(-1)
Traceback (most recent call last):
...
ValueError: size must be >= 0
